running egg_info
creating ../build/assignment1_pkg/assignment1_pkg.egg-info
writing ../build/assignment1_pkg/assignment1_pkg.egg-info/PKG-INFO
writing dependency_links to ../build/assignment1_pkg/assignment1_pkg.egg-info/dependency_links.txt
writing entry points to ../build/assignment1_pkg/assignment1_pkg.egg-info/entry_points.txt
writing requirements to ../build/assignment1_pkg/assignment1_pkg.egg-info/requires.txt
writing top-level names to ../build/assignment1_pkg/assignment1_pkg.egg-info/top_level.txt
writing manifest file '../build/assignment1_pkg/assignment1_pkg.egg-info/SOURCES.txt'
reading manifest file '../build/assignment1_pkg/assignment1_pkg.egg-info/SOURCES.txt'
writing manifest file '../build/assignment1_pkg/assignment1_pkg.egg-info/SOURCES.txt'
running build
running build_py
creating /home/daimen/Documents/TEL280_assignments/build/assignment1_pkg/build
creating /home/daimen/Documents/TEL280_assignments/build/assignment1_pkg/build/lib
creating /home/daimen/Documents/TEL280_assignments/build/assignment1_pkg/build/lib/assignment1_pkg
copying assignment1_pkg/__init__.py -> /home/daimen/Documents/TEL280_assignments/build/assignment1_pkg/build/lib/assignment1_pkg
copying assignment1_pkg/laserscan_subscriber.py -> /home/daimen/Documents/TEL280_assignments/build/assignment1_pkg/build/lib/assignment1_pkg
running install
running install_lib
creating /home/daimen/Documents/TEL280_assignments/install/assignment1_pkg/lib/python3.10/site-packages/assignment1_pkg
copying /home/daimen/Documents/TEL280_assignments/build/assignment1_pkg/build/lib/assignment1_pkg/__init__.py -> /home/daimen/Documents/TEL280_assignments/install/assignment1_pkg/lib/python3.10/site-packages/assignment1_pkg
copying /home/daimen/Documents/TEL280_assignments/build/assignment1_pkg/build/lib/assignment1_pkg/laserscan_subscriber.py -> /home/daimen/Documents/TEL280_assignments/install/assignment1_pkg/lib/python3.10/site-packages/assignment1_pkg
byte-compiling /home/daimen/Documents/TEL280_assignments/install/assignment1_pkg/lib/python3.10/site-packages/assignment1_pkg/__init__.py to __init__.cpython-310.pyc
byte-compiling /home/daimen/Documents/TEL280_assignments/install/assignment1_pkg/lib/python3.10/site-packages/assignment1_pkg/laserscan_subscriber.py to laserscan_subscriber.cpython-310.pyc
running install_data
creating /home/daimen/Documents/TEL280_assignments/install/assignment1_pkg/share/ament_index
creating /home/daimen/Documents/TEL280_assignments/install/assignment1_pkg/share/ament_index/resource_index
creating /home/daimen/Documents/TEL280_assignments/install/assignment1_pkg/share/ament_index/resource_index/packages
copying resource/assignment1_pkg -> /home/daimen/Documents/TEL280_assignments/install/assignment1_pkg/share/ament_index/resource_index/packages
copying package.xml -> /home/daimen/Documents/TEL280_assignments/install/assignment1_pkg/share/assignment1_pkg
running install_egg_info
Copying ../build/assignment1_pkg/assignment1_pkg.egg-info to /home/daimen/Documents/TEL280_assignments/install/assignment1_pkg/lib/python3.10/site-packages/assignment1_pkg-0.0.0-py3.10.egg-info
running install_scripts
Installing laserscan_subscriber script to /home/daimen/Documents/TEL280_assignments/install/assignment1_pkg/lib/assignment1_pkg
writing list of installed files to '/home/daimen/Documents/TEL280_assignments/build/assignment1_pkg/install.log'
